# JRE version: Java(TM) SE Runtime Environment (17.0.10+11) (build 17.0.10+11-LTS-240)
# Java VM: Java HotSpot(TM) 64-Bit Server VM (17.0.10+11-LTS-240, mixed mode, sharing, tiered, compressed oops, compressed class ptrs, g1 gc, windows-amd64)
GC Precious Log:
 CPUs: 4 total, 4 available
 Memory: 4005M
 Large Page Support: Disabled
 NUMA Support: Disabled
 Compressed Oops: Enabled (32-bit)
 Heap Region Size: 1M
 Heap Min Capacity: 8M
 Heap Initial Capacity: 64M
 Heap Max Capacity: 2G
 Pre-touch: Disabled
 Parallel Workers: 4
 Concurrent Workers: 1
 Concurrent Refinement Workers: 4
 Periodic GC: Disabled
Heap:
 garbage-first heap   total 531456K, used 228221K [0x0000000080000000, 0x0000000100000000)
  region size 1024K, 4 young (4096K), 4 survivors (4096K)
 Metaspace       used 118768K, committed 120512K, reserved 557056K
  class space    used 16187K, committed 17088K, reserved 425984K
GC Heap History (20 events):
Event: 7896.703 GC heap after
{Heap after GC invocations=78 (full 0):
 garbage-first heap   total 531456K, used 278797K [0x0000000080000000, 0x0000000100000000)
  region size 1024K, 1 young (1024K), 1 survivors (1024K)
 Metaspace       used 117844K, committed 120448K, reserved 557056K
  class space    used 16066K, committed 17088K, reserved 425984K
}
Event: 8856.359 GC heap before
{Heap before GC invocations=78 (full 0):
 garbage-first heap   total 531456K, used 303373K [0x0000000080000000, 0x0000000100000000)
  region size 1024K, 25 young (25600K), 1 survivors (1024K)
 Metaspace       used 117844K, committed 120448K, reserved 557056K
  class space    used 16066K, committed 17088K, reserved 425984K
}
Event: 8856.502 GC heap after
{Heap after GC invocations=79 (full 0):
 garbage-first heap   total 531456K, used 278405K [0x0000000080000000, 0x0000000100000000)
  region size 1024K, 1 young (1024K), 1 survivors (1024K)
 Metaspace       used 117844K, committed 120448K, reserved 557056K
  class space    used 16066K, committed 17088K, reserved 425984K
}
Event: 10915.784 GC heap before
{Heap before GC invocations=79 (full 0):
 garbage-first heap   total 531456K, used 375685K [0x0000000080000000, 0x0000000100000000)
  region size 1024K, 96 young (98304K), 1 survivors (1024K)
 Metaspace       used 118383K, committed 120512K, reserved 557056K
  class space    used 16149K, committed 17088K, reserved 425984K
}
Event: 10915.923 GC heap after
{Heap after GC invocations=80 (full 0):
 garbage-first heap   total 531456K, used 283099K [0x0000000080000000, 0x0000000100000000)
  region size 1024K, 5 young (5120K), 5 survivors (5120K)
 Metaspace       used 118383K, committed 120512K, reserved 557056K
  class space    used 16149K, committed 17088K, reserved 425984K
}
Event: 10930.396 GC heap before
{Heap before GC invocations=81 (full 0):
 garbage-first heap   total 531456K, used 315867K [0x0000000080000000, 0x0000000100000000)
  region size 1024K, 39 young (39936K), 5 survivors (5120K)
 Metaspace       used 118515K, committed 120512K, reserved 557056K
  class space    used 16147K, committed 17088K, reserved 425984K
}
Event: 10930.585 GC heap after
{Heap after GC invocations=82 (full 0):
 garbage-first heap   total 531456K, used 287068K [0x0000000080000000, 0x0000000100000000)
  region size 1024K, 5 young (5120K), 5 survivors (5120K)
 Metaspace       used 118515K, committed 120512K, reserved 557056K
  class space    used 16147K, committed 17088K, reserved 425984K
}
Event: 10932.534 GC heap before
{Heap before GC invocations=82 (full 0):
 garbage-first heap   total 531456K, used 307548K [0x0000000080000000, 0x0000000100000000)
  region size 1024K, 25 young (25600K), 5 survivors (5120K)
 Metaspace       used 118515K, committed 120512K, reserved 557056K
  class space    used 16147K, committed 17088K, reserved 425984K
}
Event: 10932.605 GC heap after
{Heap after GC invocations=83 (full 0):
 garbage-first heap   total 531456K, used 272029K [0x0000000080000000, 0x0000000100000000)
  region size 1024K, 1 young (1024K), 1 survivors (1024K)
 Metaspace       used 118515K, committed 120512K, reserved 557056K
  class space    used 16147K, committed 17088K, reserved 425984K
}
Event: 10933.826 GC heap before
{Heap before GC invocations=83 (full 0):
 garbage-first heap   total 531456K, used 296605K [0x0000000080000000, 0x0000000100000000)
  region size 1024K, 25 young (25600K), 1 survivors (1024K)
 Metaspace       used 118515K, committed 120512K, reserved 557056K
  class space    used 16147K, committed 17088K, reserved 425984K
}
Event: 10933.893 GC heap after
{Heap after GC invocations=84 (full 0):
 garbage-first heap   total 531456K, used 258483K [0x0000000080000000, 0x0000000100000000)
  region size 1024K, 2 young (2048K), 2 survivors (2048K)
 Metaspace       used 118515K, committed 120512K, reserved 557056K
  class space    used 16147K, committed 17088K, reserved 425984K
}
Event: 10971.731 GC heap before
{Heap before GC invocations=84 (full 0):
 garbage-first heap   total 531456K, used 282035K [0x0000000080000000, 0x0000000100000000)
  region size 1024K, 25 young (25600K), 2 survivors (2048K)
 Metaspace       used 118583K, committed 120512K, reserved 557056K
  class space    used 16159K, committed 17088K, reserved 425984K
}
Event: 10972.085 GC heap after
{Heap after GC invocations=85 (full 0):
 garbage-first heap   total 531456K, used 249191K [0x0000000080000000, 0x0000000100000000)
  region size 1024K, 4 young (4096K), 4 survivors (4096K)
 Metaspace       used 118583K, committed 120512K, reserved 557056K
  class space    used 16159K, committed 17088K, reserved 425984K
}
Event: 10972.837 GC heap before
{Heap before GC invocations=85 (full 0):
 garbage-first heap   total 531456K, used 270695K [0x0000000080000000, 0x0000000100000000)
  region size 1024K, 25 young (25600K), 4 survivors (4096K)
 Metaspace       used 118635K, committed 120512K, reserved 557056K
  class space    used 16174K, committed 17088K, reserved 425984K
}
Event: 10973.003 GC heap after
{Heap after GC invocations=86 (full 0):
 garbage-first heap   total 531456K, used 240097K [0x0000000080000000, 0x0000000100000000)
  region size 1024K, 2 young (2048K), 2 survivors (2048K)
 Metaspace       used 118635K, committed 120512K, reserved 557056K
  class space    used 16174K, committed 17088K, reserved 425984K
}
Event: 10973.855 GC heap before
{Heap before GC invocations=86 (full 0):
 garbage-first heap   total 531456K, used 263649K [0x0000000080000000, 0x0000000100000000)
  region size 1024K, 25 young (25600K), 2 survivors (2048K)
 Metaspace       used 118672K, committed 120512K, reserved 557056K
  class space    used 16184K, committed 17088K, reserved 425984K
}
Event: 10974.125 GC heap after
{Heap after GC invocations=87 (full 0):
 garbage-first heap   total 531456K, used 232913K [0x0000000080000000, 0x0000000100000000)
  region size 1024K, 4 young (4096K), 4 survivors (4096K)
 Metaspace       used 118672K, committed 120512K, reserved 557056K
  class space    used 16184K, committed 17088K, reserved 425984K
}
Event: 10975.853 GC heap before
{Heap before GC invocations=87 (full 0):
 garbage-first heap   total 531456K, used 254417K [0x0000000080000000, 0x0000000100000000)
  region size 1024K, 25 young (25600K), 4 survivors (4096K)
 Metaspace       used 118737K, committed 120512K, reserved 557056K
  class space    used 16187K, committed 17088K, reserved 425984K
}
Event: 10975.997 GC heap after
{Heap after GC invocations=88 (full 0):
 garbage-first heap   total 531456K, used 230237K [0x0000000080000000, 0x0000000100000000)
  region size 1024K, 4 young (4096K), 4 survivors (4096K)
 Metaspace       used 118737K, committed 120512K, reserved 557056K
  class space    used 16187K, committed 17088K, reserved 425984K
}
Event: 10978.673 GC heap before
{Heap before GC invocations=88 (full 0):
 garbage-first heap   total 531456K, used 251741K [0x0000000080000000, 0x0000000100000000)
  region size 1024K, 25 young (25600K), 4 survivors (4096K)
 Metaspace       used 118768K, committed 120512K, reserved 557056K
  class space    used 16187K, committed 17088K, reserved 425984K
}

