# JRE version: Java(TM) SE Runtime Environment (17.0.10+11) (build 17.0.10+11-LTS-240)
# Java VM: Java HotSpot(TM) 64-Bit Server VM (17.0.10+11-LTS-240, mixed mode, sharing, tiered, compressed oops, compressed class ptrs, g1 gc, windows-amd64)
GC Precious Log:
 CPUs: 4 total, 4 available
 Memory: 4005M
 Large Page Support: Disabled
 NUMA Support: Disabled
 Compressed Oops: Enabled (32-bit)
 Heap Region Size: 1M
 Heap Min Capacity: 8M
 Heap Initial Capacity: 64M
 Heap Max Capacity: 2G
 Pre-touch: Disabled
 Parallel Workers: 4
 Concurrent Workers: 1
 Concurrent Refinement Workers: 4
 Periodic GC: Disabled
Heap:
 garbage-first heap   total 267264K, used 110810K [0x0000000080000000, 0x0000000100000000)
  region size 1024K, 10 young (10240K), 10 survivors (10240K)
 Metaspace       used 96080K, committed 97088K, reserved 557056K
  class space    used 13424K, committed 13888K, reserved 425984K
GC Heap History (20 events):
Event: 64.094 GC heap after
{Heap after GC invocations=41 (full 0):
 garbage-first heap   total 116736K, used 64328K [0x0000000080000000, 0x0000000100000000)
  region size 1024K, 1 young (1024K), 1 survivors (1024K)
 Metaspace       used 63926K, committed 64576K, reserved 491520K
  class space    used 8895K, committed 9216K, reserved 425984K
}
Event: 65.923 GC heap before
{Heap before GC invocations=41 (full 0):
 garbage-first heap   total 116736K, used 95048K [0x0000000080000000, 0x0000000100000000)
  region size 1024K, 32 young (32768K), 1 survivors (1024K)
 Metaspace       used 66858K, committed 67520K, reserved 491520K
  class space    used 9254K, committed 9536K, reserved 425984K
}
Event: 65.935 GC heap after
{Heap after GC invocations=42 (full 0):
 garbage-first heap   total 267264K, used 65803K [0x0000000080000000, 0x0000000100000000)
  region size 1024K, 2 young (2048K), 2 survivors (2048K)
 Metaspace       used 66858K, committed 67520K, reserved 491520K
  class space    used 9254K, committed 9536K, reserved 425984K
}
Event: 88.166 GC heap before
{Heap before GC invocations=43 (full 0):
 garbage-first heap   total 229376K, used 205067K [0x0000000080000000, 0x0000000100000000)
  region size 1024K, 134 young (137216K), 2 survivors (2048K)
 Metaspace       used 74390K, committed 75072K, reserved 491520K
  class space    used 10366K, committed 10688K, reserved 425984K
}
Event: 88.511 GC heap after
{Heap after GC invocations=44 (full 0):
 garbage-first heap   total 229376K, used 85542K [0x0000000080000000, 0x0000000100000000)
  region size 1024K, 17 young (17408K), 17 survivors (17408K)
 Metaspace       used 74390K, committed 75072K, reserved 491520K
  class space    used 10366K, committed 10688K, reserved 425984K
}
Event: 88.665 GC heap before
{Heap before GC invocations=44 (full 0):
 garbage-first heap   total 229376K, used 86566K [0x0000000080000000, 0x0000000100000000)
  region size 1024K, 18 young (18432K), 17 survivors (17408K)
 Metaspace       used 74476K, committed 75136K, reserved 491520K
  class space    used 10376K, committed 10688K, reserved 425984K
}
Event: 88.778 GC heap after
{Heap after GC invocations=45 (full 0):
 garbage-first heap   total 229376K, used 86292K [0x0000000080000000, 0x0000000100000000)
  region size 1024K, 2 young (2048K), 2 survivors (2048K)
 Metaspace       used 74476K, committed 75136K, reserved 491520K
  class space    used 10376K, committed 10688K, reserved 425984K
}
Event: 95.107 GC heap before
{Heap before GC invocations=45 (full 0):
 garbage-first heap   total 229376K, used 131348K [0x0000000080000000, 0x0000000100000000)
  region size 1024K, 47 young (48128K), 2 survivors (2048K)
 Metaspace       used 79038K, committed 79808K, reserved 557056K
  class space    used 10885K, committed 11200K, reserved 425984K
}
Event: 95.132 GC heap after
{Heap after GC invocations=46 (full 0):
 garbage-first heap   total 229376K, used 87442K [0x0000000080000000, 0x0000000100000000)
  region size 1024K, 3 young (3072K), 3 survivors (3072K)
 Metaspace       used 79038K, committed 79808K, reserved 557056K
  class space    used 10885K, committed 11200K, reserved 425984K
}
Event: 98.945 GC heap before
{Heap before GC invocations=47 (full 0):
 garbage-first heap   total 229376K, used 182674K [0x0000000080000000, 0x0000000100000000)
  region size 1024K, 90 young (92160K), 3 survivors (3072K)
 Metaspace       used 84677K, committed 85504K, reserved 557056K
  class space    used 11622K, committed 11968K, reserved 425984K
}
Event: 98.988 GC heap after
{Heap after GC invocations=48 (full 0):
 garbage-first heap   total 229376K, used 93010K [0x0000000080000000, 0x0000000100000000)
  region size 1024K, 8 young (8192K), 8 survivors (8192K)
 Metaspace       used 84677K, committed 85504K, reserved 557056K
  class space    used 11622K, committed 11968K, reserved 425984K
}
Event: 99.125 GC heap before
{Heap before GC invocations=48 (full 0):
 garbage-first heap   total 229376K, used 95058K [0x0000000080000000, 0x0000000100000000)
  region size 1024K, 11 young (11264K), 8 survivors (8192K)
 Metaspace       used 84835K, committed 85632K, reserved 557056K
  class space    used 11643K, committed 11968K, reserved 425984K
}
Event: 99.196 GC heap after
{Heap after GC invocations=49 (full 0):
 garbage-first heap   total 229376K, used 93501K [0x0000000080000000, 0x0000000100000000)
  region size 1024K, 1 young (1024K), 1 survivors (1024K)
 Metaspace       used 84835K, committed 85632K, reserved 557056K
  class space    used 11643K, committed 11968K, reserved 425984K
}
Event: 120.981 GC heap before
{Heap before GC invocations=49 (full 0):
 garbage-first heap   total 229376K, used 180541K [0x0000000080000000, 0x0000000100000000)
  region size 1024K, 86 young (88064K), 1 survivors (1024K)
 Metaspace       used 87907K, committed 88640K, reserved 557056K
  class space    used 12108K, committed 12416K, reserved 425984K
}
Event: 121.095 GC heap after
{Heap after GC invocations=50 (full 0):
 garbage-first heap   total 229376K, used 98555K [0x0000000080000000, 0x0000000100000000)
  region size 1024K, 6 young (6144K), 6 survivors (6144K)
 Metaspace       used 87907K, committed 88640K, reserved 557056K
  class space    used 12108K, committed 12416K, reserved 425984K
}
Event: 124.393 GC heap before
{Heap before GC invocations=51 (full 0):
 garbage-first heap   total 229376K, used 183547K [0x0000000080000000, 0x0000000100000000)
  region size 1024K, 89 young (91136K), 6 survivors (6144K)
 Metaspace       used 93539K, committed 94336K, reserved 557056K
  class space    used 13044K, committed 13376K, reserved 425984K
}
Event: 124.431 GC heap after
{Heap after GC invocations=52 (full 0):
 garbage-first heap   total 229376K, used 102407K [0x0000000080000000, 0x0000000100000000)
  region size 1024K, 10 young (10240K), 10 survivors (10240K)
 Metaspace       used 93539K, committed 94336K, reserved 557056K
  class space    used 13044K, committed 13376K, reserved 425984K
}
Event: 124.486 GC heap before
{Heap before GC invocations=52 (full 0):
 garbage-first heap   total 229376K, used 103431K [0x0000000080000000, 0x0000000100000000)
  region size 1024K, 11 young (11264K), 10 survivors (10240K)
 Metaspace       used 93614K, committed 94464K, reserved 557056K
  class space    used 13059K, committed 13440K, reserved 425984K
}
Event: 124.587 GC heap after
{Heap after GC invocations=53 (full 0):
 garbage-first heap   total 229376K, used 102801K [0x0000000080000000, 0x0000000100000000)
  region size 1024K, 2 young (2048K), 2 survivors (2048K)
 Metaspace       used 93614K, committed 94464K, reserved 557056K
  class space    used 13059K, committed 13440K, reserved 425984K
}
Event: 126.344 GC heap before
{Heap before GC invocations=53 (full 0):
 garbage-first heap   total 229376K, used 180625K [0x0000000080000000, 0x0000000100000000)
  region size 1024K, 80 young (81920K), 2 survivors (2048K)
 Metaspace       used 96080K, committed 97088K, reserved 557056K
  class space    used 13424K, committed 13888K, reserved 425984K
}

