# JRE version: Java(TM) SE Runtime Environment (17.0.10+11) (build 17.0.10+11-LTS-240)
# Java VM: Java HotSpot(TM) 64-Bit Server VM (17.0.10+11-LTS-240, mixed mode, sharing, tiered, compressed oops, compressed class ptrs, g1 gc, windows-amd64)
GC Precious Log:
 CPUs: 4 total, 4 available
 Memory: 4005M
 Large Page Support: Disabled
 NUMA Support: Disabled
 Compressed Oops: Enabled (32-bit)
 Heap Region Size: 1M
 Heap Min Capacity: 8M
 Heap Initial Capacity: 64M
 Heap Max Capacity: 2G
 Pre-touch: Disabled
 Parallel Workers: 4
 Concurrent Workers: 1
 Concurrent Refinement Workers: 4
 Periodic GC: Disabled
Heap:
 garbage-first heap   total 301056K, used 174715K [0x0000000080000000, 0x0000000100000000)
  region size 1024K, 8 young (8192K), 8 survivors (8192K)
 Metaspace       used 100674K, committed 101824K, reserved 557056K
  class space    used 14072K, committed 14592K, reserved 425984K
GC Heap History (20 events):
Event: 72.216 GC heap after
{Heap after GC invocations=56 (full 0):
 garbage-first heap   total 179200K, used 93058K [0x0000000080000000, 0x0000000100000000)
  region size 1024K, 4 young (4096K), 4 survivors (4096K)
 Metaspace       used 81906K, committed 82624K, reserved 557056K
  class space    used 11296K, committed 11648K, reserved 425984K
}
Event: 73.278 GC heap before
{Heap before GC invocations=56 (full 0):
 garbage-first heap   total 179200K, used 97154K [0x0000000080000000, 0x0000000100000000)
  region size 1024K, 8 young (8192K), 4 survivors (4096K)
 Metaspace       used 82114K, committed 82880K, reserved 557056K
  class space    used 11324K, committed 11648K, reserved 425984K
}
Event: 73.321 GC heap after
{Heap after GC invocations=57 (full 0):
 garbage-first heap   total 179200K, used 92879K [0x0000000080000000, 0x0000000100000000)
  region size 1024K, 1 young (1024K), 1 survivors (1024K)
 Metaspace       used 82114K, committed 82880K, reserved 557056K
  class space    used 11324K, committed 11648K, reserved 425984K
}
Event: 104.061 GC heap before
{Heap before GC invocations=57 (full 0):
 garbage-first heap   total 179200K, used 137935K [0x0000000080000000, 0x0000000100000000)
  region size 1024K, 45 young (46080K), 1 survivors (1024K)
 Metaspace       used 82690K, committed 83520K, reserved 557056K
  class space    used 11418K, committed 11776K, reserved 425984K
}
Event: 104.165 GC heap after
{Heap after GC invocations=58 (full 0):
 garbage-first heap   total 179200K, used 95780K [0x0000000080000000, 0x0000000100000000)
  region size 1024K, 4 young (4096K), 4 survivors (4096K)
 Metaspace       used 82690K, committed 83520K, reserved 557056K
  class space    used 11418K, committed 11776K, reserved 425984K
}
Event: 107.101 GC heap before
{Heap before GC invocations=59 (full 0):
 garbage-first heap   total 179200K, used 141860K [0x0000000080000000, 0x0000000100000000)
  region size 1024K, 48 young (49152K), 4 survivors (4096K)
 Metaspace       used 85331K, committed 86080K, reserved 557056K
  class space    used 11806K, committed 12160K, reserved 425984K
}
Event: 107.150 GC heap after
{Heap after GC invocations=60 (full 0):
 garbage-first heap   total 179200K, used 98695K [0x0000000080000000, 0x0000000100000000)
  region size 1024K, 3 young (3072K), 3 survivors (3072K)
 Metaspace       used 85331K, committed 86080K, reserved 557056K
  class space    used 11806K, committed 12160K, reserved 425984K
}
Event: 107.328 GC heap before
{Heap before GC invocations=60 (full 0):
 garbage-first heap   total 179200K, used 103815K [0x0000000080000000, 0x0000000100000000)
  region size 1024K, 8 young (8192K), 3 survivors (3072K)
 Metaspace       used 85658K, committed 86464K, reserved 557056K
  class space    used 11842K, committed 12224K, reserved 425984K
}
Event: 107.349 GC heap after
{Heap after GC invocations=61 (full 0):
 garbage-first heap   total 286720K, used 99136K [0x0000000080000000, 0x0000000100000000)
  region size 1024K, 1 young (1024K), 1 survivors (1024K)
 Metaspace       used 85658K, committed 86464K, reserved 557056K
  class space    used 11842K, committed 12224K, reserved 425984K
}
Event: 112.976 GC heap before
{Heap before GC invocations=61 (full 0):
 garbage-first heap   total 286720K, used 217920K [0x0000000080000000, 0x0000000100000000)
  region size 1024K, 117 young (119808K), 1 survivors (1024K)
 Metaspace       used 92108K, committed 92928K, reserved 557056K
  class space    used 12906K, committed 13312K, reserved 425984K
}
Event: 113.064 GC heap after
{Heap after GC invocations=62 (full 0):
 garbage-first heap   total 286720K, used 106142K [0x0000000080000000, 0x0000000100000000)
  region size 1024K, 8 young (8192K), 8 survivors (8192K)
 Metaspace       used 92108K, committed 92928K, reserved 557056K
  class space    used 12906K, committed 13312K, reserved 425984K
}
Event: 126.154 GC heap before
{Heap before GC invocations=62 (full 0):
 garbage-first heap   total 286720K, used 238238K [0x0000000080000000, 0x0000000100000000)
  region size 1024K, 129 young (132096K), 8 survivors (8192K)
 Metaspace       used 95891K, committed 96896K, reserved 557056K
  class space    used 13384K, committed 13824K, reserved 425984K
}
Event: 126.742 GC heap after
{Heap after GC invocations=63 (full 0):
 garbage-first heap   total 286720K, used 144031K [0x0000000080000000, 0x0000000100000000)
  region size 1024K, 17 young (17408K), 17 survivors (17408K)
 Metaspace       used 95891K, committed 96896K, reserved 557056K
  class space    used 13384K, committed 13824K, reserved 425984K
}
Event: 130.841 GC heap before
{Heap before GC invocations=63 (full 0):
 garbage-first heap   total 286720K, used 179871K [0x0000000080000000, 0x0000000100000000)
  region size 1024K, 52 young (53248K), 17 survivors (17408K)
 Metaspace       used 96519K, committed 97600K, reserved 557056K
  class space    used 13464K, committed 13952K, reserved 425984K
}
Event: 130.963 GC heap after
{Heap after GC invocations=64 (full 0):
 garbage-first heap   total 286720K, used 155136K [0x0000000080000000, 0x0000000100000000)
  region size 1024K, 7 young (7168K), 7 survivors (7168K)
 Metaspace       used 96519K, committed 97600K, reserved 557056K
  class space    used 13464K, committed 13952K, reserved 425984K
}
Event: 134.304 GC heap before
{Heap before GC invocations=65 (full 0):
 garbage-first heap   total 301056K, used 195072K [0x0000000080000000, 0x0000000100000000)
  region size 1024K, 46 young (47104K), 7 survivors (7168K)
 Metaspace       used 96971K, committed 98048K, reserved 557056K
  class space    used 13534K, committed 14016K, reserved 425984K
}
Event: 134.390 GC heap after
{Heap after GC invocations=66 (full 0):
 garbage-first heap   total 301056K, used 163749K [0x0000000080000000, 0x0000000100000000)
  region size 1024K, 6 young (6144K), 6 survivors (6144K)
 Metaspace       used 96971K, committed 98048K, reserved 557056K
  class space    used 13534K, committed 14016K, reserved 425984K
}
Event: 134.780 GC heap before
{Heap before GC invocations=66 (full 0):
 garbage-first heap   total 301056K, used 173989K [0x0000000080000000, 0x0000000100000000)
  region size 1024K, 14 young (14336K), 6 survivors (6144K)
 Metaspace       used 97142K, committed 98304K, reserved 557056K
  class space    used 13571K, committed 14080K, reserved 425984K
}
Event: 134.812 GC heap after
{Heap after GC invocations=67 (full 0):
 garbage-first heap   total 301056K, used 169394K [0x0000000080000000, 0x0000000100000000)
  region size 1024K, 2 young (2048K), 2 survivors (2048K)
 Metaspace       used 97142K, committed 98304K, reserved 557056K
  class space    used 13571K, committed 14080K, reserved 425984K
}
Event: 137.260 GC heap before
{Heap before GC invocations=67 (full 0):
 garbage-first heap   total 301056K, used 235954K [0x0000000080000000, 0x0000000100000000)
  region size 1024K, 67 young (68608K), 2 survivors (2048K)
 Metaspace       used 100674K, committed 101824K, reserved 557056K
  class space    used 14072K, committed 14592K, reserved 425984K
}

