# JRE version: Java(TM) SE Runtime Environment (17.0.10+11) (build 17.0.10+11-LTS-240)
# Java VM: Java HotSpot(TM) 64-Bit Server VM (17.0.10+11-LTS-240, mixed mode, sharing, tiered, compressed oops, compressed class ptrs, g1 gc, windows-amd64)
GC Precious Log:
 CPUs: 4 total, 4 available
 Memory: 4005M
 Large Page Support: Disabled
 NUMA Support: Disabled
 Compressed Oops: Enabled (32-bit)
 Heap Region Size: 1M
 Heap Min Capacity: 8M
 Heap Initial Capacity: 64M
 Heap Max Capacity: 2G
 Pre-touch: Disabled
 Parallel Workers: 4
 Concurrent Workers: 1
 Concurrent Refinement Workers: 4
 Periodic GC: Disabled
Heap:
 garbage-first heap   total 197632K, used 103776K [0x0000000080000000, 0x0000000100000000)
  region size 1024K, 18 young (18432K), 3 survivors (3072K)
 Metaspace       used 70936K, committed 71616K, reserved 491520K
  class space    used 9920K, committed 10240K, reserved 425984K
GC Heap History (20 events):
Event: 59.174 GC heap before
{Heap before GC invocations=36 (full 0):
 garbage-first heap   total 119808K, used 90663K [0x0000000080000000, 0x0000000100000000)
  region size 1024K, 36 young (36864K), 3 survivors (3072K)
 Metaspace       used 58524K, committed 59200K, reserved 491520K
  class space    used 8233K, committed 8576K, reserved 425984K
}
Event: 59.182 GC heap after
{Heap after GC invocations=37 (full 0):
 garbage-first heap   total 119808K, used 59565K [0x0000000080000000, 0x0000000100000000)
  region size 1024K, 4 young (4096K), 4 survivors (4096K)
 Metaspace       used 58524K, committed 59200K, reserved 491520K
  class space    used 8233K, committed 8576K, reserved 425984K
}
Event: 59.834 GC heap before
{Heap before GC invocations=37 (full 0):
 garbage-first heap   total 119808K, used 93357K [0x0000000080000000, 0x0000000100000000)
  region size 1024K, 37 young (37888K), 4 survivors (4096K)
 Metaspace       used 60441K, committed 61120K, reserved 491520K
  class space    used 8529K, committed 8832K, reserved 425984K
}
Event: 59.849 GC heap after
{Heap after GC invocations=38 (full 0):
 garbage-first heap   total 119808K, used 61827K [0x0000000080000000, 0x0000000100000000)
  region size 1024K, 4 young (4096K), 4 survivors (4096K)
 Metaspace       used 60441K, committed 61120K, reserved 491520K
  class space    used 8529K, committed 8832K, reserved 425984K
}
Event: 60.738 GC heap before
{Heap before GC invocations=39 (full 0):
 garbage-first heap   total 119808K, used 95619K [0x0000000080000000, 0x0000000100000000)
  region size 1024K, 37 young (37888K), 4 survivors (4096K)
 Metaspace       used 62483K, committed 63168K, reserved 491520K
  class space    used 8821K, committed 9152K, reserved 425984K
}
Event: 60.753 GC heap after
{Heap after GC invocations=40 (full 0):
 garbage-first heap   total 119808K, used 64321K [0x0000000080000000, 0x0000000100000000)
  region size 1024K, 5 young (5120K), 5 survivors (5120K)
 Metaspace       used 62483K, committed 63168K, reserved 491520K
  class space    used 8821K, committed 9152K, reserved 425984K
}
Event: 62.717 GC heap before
{Heap before GC invocations=40 (full 0):
 garbage-first heap   total 119808K, used 95041K [0x0000000080000000, 0x0000000100000000)
  region size 1024K, 36 young (36864K), 5 survivors (5120K)
 Metaspace       used 64801K, committed 65472K, reserved 491520K
  class space    used 9208K, committed 9536K, reserved 425984K
}
Event: 62.743 GC heap after
{Heap after GC invocations=41 (full 0):
 garbage-first heap   total 119808K, used 67973K [0x0000000080000000, 0x0000000100000000)
  region size 1024K, 5 young (5120K), 5 survivors (5120K)
 Metaspace       used 64801K, committed 65472K, reserved 491520K
  class space    used 9208K, committed 9536K, reserved 425984K
}
Event: 63.560 GC heap before
{Heap before GC invocations=42 (full 0):
 garbage-first heap   total 119808K, used 77189K [0x0000000080000000, 0x0000000100000000)
  region size 1024K, 16 young (16384K), 5 survivors (5120K)
 Metaspace       used 64922K, committed 65664K, reserved 491520K
  class space    used 9215K, committed 9536K, reserved 425984K
}
Event: 63.647 GC heap after
{Heap after GC invocations=43 (full 0):
 garbage-first heap   total 119808K, used 69539K [0x0000000080000000, 0x0000000100000000)
  region size 1024K, 2 young (2048K), 2 survivors (2048K)
 Metaspace       used 64922K, committed 65664K, reserved 491520K
  class space    used 9215K, committed 9536K, reserved 425984K
}
Event: 64.295 GC heap before
{Heap before GC invocations=44 (full 0):
 garbage-first heap   total 124928K, used 76707K [0x0000000080000000, 0x0000000100000000)
  region size 1024K, 8 young (8192K), 2 survivors (2048K)
 Metaspace       used 64935K, committed 65664K, reserved 491520K
  class space    used 9215K, committed 9536K, reserved 425984K
}
Event: 64.305 GC heap after
{Heap after GC invocations=45 (full 0):
 garbage-first heap   total 124928K, used 76447K [0x0000000080000000, 0x0000000100000000)
  region size 1024K, 4 young (4096K), 4 survivors (4096K)
 Metaspace       used 64935K, committed 65664K, reserved 491520K
  class space    used 9215K, committed 9536K, reserved 425984K
}
Event: 64.752 GC heap before
{Heap before GC invocations=46 (full 0):
 garbage-first heap   total 138240K, used 93855K [0x0000000080000000, 0x0000000100000000)
  region size 1024K, 20 young (20480K), 4 survivors (4096K)
 Metaspace       used 65872K, committed 66560K, reserved 491520K
  class space    used 9331K, committed 9664K, reserved 425984K
}
Event: 64.769 GC heap after
{Heap after GC invocations=47 (full 0):
 garbage-first heap   total 138240K, used 80876K [0x0000000080000000, 0x0000000100000000)
  region size 1024K, 3 young (3072K), 3 survivors (3072K)
 Metaspace       used 65872K, committed 66560K, reserved 491520K
  class space    used 9331K, committed 9664K, reserved 425984K
}
Event: 65.626 GC heap before
{Heap before GC invocations=47 (full 0):
 garbage-first heap   total 138240K, used 100332K [0x0000000080000000, 0x0000000100000000)
  region size 1024K, 23 young (23552K), 3 survivors (3072K)
 Metaspace       used 67455K, committed 68160K, reserved 491520K
  class space    used 9519K, committed 9856K, reserved 425984K
}
Event: 65.653 GC heap after
{Heap after GC invocations=48 (full 0):
 garbage-first heap   total 138240K, used 81529K [0x0000000080000000, 0x0000000100000000)
  region size 1024K, 1 young (1024K), 1 survivors (1024K)
 Metaspace       used 67455K, committed 68160K, reserved 491520K
  class space    used 9519K, committed 9856K, reserved 425984K
}
Event: 66.361 GC heap before
{Heap before GC invocations=49 (full 0):
 garbage-first heap   total 152576K, used 104057K [0x0000000080000000, 0x0000000100000000)
  region size 1024K, 23 young (23552K), 1 survivors (1024K)
 Metaspace       used 69326K, committed 70016K, reserved 491520K
  class space    used 9732K, committed 10048K, reserved 425984K
}
Event: 66.365 GC heap after
{Heap after GC invocations=50 (full 0):
 garbage-first heap   total 152576K, used 81914K [0x0000000080000000, 0x0000000100000000)
  region size 1024K, 2 young (2048K), 2 survivors (2048K)
 Metaspace       used 69326K, committed 70016K, reserved 491520K
  class space    used 9732K, committed 10048K, reserved 425984K
}
Event: 66.588 GC heap before
{Heap before GC invocations=50 (full 0):
 garbage-first heap   total 152576K, used 89082K [0x0000000080000000, 0x0000000100000000)
  region size 1024K, 10 young (10240K), 2 survivors (2048K)
 Metaspace       used 70798K, committed 71552K, reserved 491520K
  class space    used 9895K, committed 10240K, reserved 425984K
}
Event: 66.593 GC heap after
{Heap after GC invocations=51 (full 0):
 garbage-first heap   total 197632K, used 83296K [0x0000000080000000, 0x0000000100000000)
  region size 1024K, 3 young (3072K), 3 survivors (3072K)
 Metaspace       used 70798K, committed 71552K, reserved 491520K
  class space    used 9895K, committed 10240K, reserved 425984K
}

