# JRE version: Java(TM) SE Runtime Environment (17.0.10+11) (build 17.0.10+11-LTS-240)
# Java VM: Java HotSpot(TM) 64-Bit Server VM (17.0.10+11-LTS-240, mixed mode, sharing, tiered, compressed oops, compressed class ptrs, g1 gc, windows-amd64)
GC Precious Log:
 CPUs: 4 total, 4 available
 Memory: 4005M
 Large Page Support: Disabled
 NUMA Support: Disabled
 Compressed Oops: Enabled (32-bit)
 Heap Region Size: 1M
 Heap Min Capacity: 8M
 Heap Initial Capacity: 64M
 Heap Max Capacity: 2G
 Pre-touch: Disabled
 Parallel Workers: 4
 Concurrent Workers: 1
 Concurrent Refinement Workers: 4
 Periodic GC: Disabled
Heap:
 garbage-first heap   total 288768K, used 154624K [0x0000000080000000, 0x0000000100000000)
  region size 1024K, 2 young (2048K), 2 survivors (2048K)
 Metaspace       used 92479K, committed 93696K, reserved 557056K
  class space    used 12951K, committed 13504K, reserved 425984K
GC Heap History (20 events):
Event: 81.790 GC heap after
{Heap after GC invocations=44 (full 0):
 garbage-first heap   total 176128K, used 89884K [0x0000000080000000, 0x0000000100000000)
  region size 1024K, 1 young (1024K), 1 survivors (1024K)
 Metaspace       used 74598K, committed 75328K, reserved 491520K
  class space    used 10370K, committed 10688K, reserved 425984K
}
Event: 82.776 GC heap before
{Heap before GC invocations=44 (full 0):
 garbage-first heap   total 176128K, used 142108K [0x0000000080000000, 0x0000000100000000)
  region size 1024K, 52 young (53248K), 1 survivors (1024K)
 Metaspace       used 77222K, committed 77952K, reserved 557056K
  class space    used 10755K, committed 11072K, reserved 425984K
}
Event: 82.787 GC heap after
{Heap after GC invocations=45 (full 0):
 garbage-first heap   total 288768K, used 92382K [0x0000000080000000, 0x0000000100000000)
  region size 1024K, 4 young (4096K), 4 survivors (4096K)
 Metaspace       used 77222K, committed 77952K, reserved 557056K
  class space    used 10755K, committed 11072K, reserved 425984K
}
Event: 226.913 GC heap before
{Heap before GC invocations=46 (full 0):
 garbage-first heap   total 288768K, used 220382K [0x0000000080000000, 0x0000000100000000)
  region size 1024K, 130 young (133120K), 4 survivors (4096K)
 Metaspace       used 81290K, committed 82176K, reserved 557056K
  class space    used 11234K, committed 11648K, reserved 425984K
}
Event: 227.465 GC heap after
{Heap after GC invocations=47 (full 0):
 garbage-first heap   total 288768K, used 103596K [0x0000000080000000, 0x0000000100000000)
  region size 1024K, 14 young (14336K), 14 survivors (14336K)
 Metaspace       used 81290K, committed 82176K, reserved 557056K
  class space    used 11234K, committed 11648K, reserved 425984K
}
Event: 227.669 GC heap before
{Heap before GC invocations=47 (full 0):
 garbage-first heap   total 288768K, used 104620K [0x0000000080000000, 0x0000000100000000)
  region size 1024K, 15 young (15360K), 14 survivors (14336K)
 Metaspace       used 81362K, committed 82240K, reserved 557056K
  class space    used 11245K, committed 11648K, reserved 425984K
}
Event: 228.015 GC heap after
{Heap after GC invocations=48 (full 0):
 garbage-first heap   total 288768K, used 104536K [0x0000000080000000, 0x0000000100000000)
  region size 1024K, 2 young (2048K), 2 survivors (2048K)
 Metaspace       used 81362K, committed 82240K, reserved 557056K
  class space    used 11245K, committed 11648K, reserved 425984K
}
Event: 230.102 GC heap before
{Heap before GC invocations=48 (full 0):
 garbage-first heap   total 288768K, used 175192K [0x0000000080000000, 0x0000000100000000)
  region size 1024K, 70 young (71680K), 2 survivors (2048K)
 Metaspace       used 86029K, committed 86912K, reserved 557056K
  class space    used 12049K, committed 12480K, reserved 425984K
}
Event: 230.111 GC heap after
{Heap after GC invocations=49 (full 0):
 garbage-first heap   total 288768K, used 104947K [0x0000000080000000, 0x0000000100000000)
  region size 1024K, 3 young (3072K), 3 survivors (3072K)
 Metaspace       used 86029K, committed 86912K, reserved 557056K
  class space    used 12049K, committed 12480K, reserved 425984K
}
Event: 232.767 GC heap before
{Heap before GC invocations=49 (full 0):
 garbage-first heap   total 288768K, used 205299K [0x0000000080000000, 0x0000000100000000)
  region size 1024K, 102 young (104448K), 3 survivors (3072K)
 Metaspace       used 89624K, committed 90496K, reserved 557056K
  class space    used 12597K, committed 12992K, reserved 425984K
}
Event: 232.811 GC heap after
{Heap after GC invocations=50 (full 0):
 garbage-first heap   total 288768K, used 115589K [0x0000000080000000, 0x0000000100000000)
  region size 1024K, 13 young (13312K), 13 survivors (13312K)
 Metaspace       used 89624K, committed 90496K, reserved 557056K
  class space    used 12597K, committed 12992K, reserved 425984K
}
Event: 233.712 GC heap before
{Heap before GC invocations=51 (full 0):
 garbage-first heap   total 288768K, used 143237K [0x0000000080000000, 0x0000000100000000)
  region size 1024K, 36 young (36864K), 13 survivors (13312K)
 Metaspace       used 91160K, committed 92160K, reserved 557056K
  class space    used 12763K, committed 13248K, reserved 425984K
}
Event: 233.880 GC heap after
{Heap after GC invocations=52 (full 0):
 garbage-first heap   total 288768K, used 129980K [0x0000000080000000, 0x0000000100000000)
  region size 1024K, 5 young (5120K), 5 survivors (5120K)
 Metaspace       used 91160K, committed 92160K, reserved 557056K
  class space    used 12763K, committed 13248K, reserved 425984K
}
Event: 234.535 GC heap before
{Heap before GC invocations=52 (full 0):
 garbage-first heap   total 288768K, used 138172K [0x0000000080000000, 0x0000000100000000)
  region size 1024K, 14 young (14336K), 5 survivors (5120K)
 Metaspace       used 91214K, committed 92224K, reserved 557056K
  class space    used 12770K, committed 13248K, reserved 425984K
}
Event: 234.582 GC heap after
{Heap after GC invocations=53 (full 0):
 garbage-first heap   total 288768K, used 129801K [0x0000000080000000, 0x0000000100000000)
  region size 1024K, 2 young (2048K), 2 survivors (2048K)
 Metaspace       used 91214K, committed 92224K, reserved 557056K
  class space    used 12770K, committed 13248K, reserved 425984K
}
Event: 236.337 GC heap before
{Heap before GC invocations=53 (full 0):
 garbage-first heap   total 288768K, used 159497K [0x0000000080000000, 0x0000000100000000)
  region size 1024K, 32 young (32768K), 2 survivors (2048K)
 Metaspace       used 91413K, committed 92416K, reserved 557056K
  class space    used 12788K, committed 13248K, reserved 425984K
}
Event: 236.383 GC heap after
{Heap after GC invocations=54 (full 0):
 garbage-first heap   total 288768K, used 135141K [0x0000000080000000, 0x0000000100000000)
  region size 1024K, 7 young (7168K), 7 survivors (7168K)
 Metaspace       used 91413K, committed 92416K, reserved 557056K
  class space    used 12788K, committed 13248K, reserved 425984K
}
Event: 239.076 GC heap before
{Heap before GC invocations=55 (full 0):
 garbage-first heap   total 288768K, used 183269K [0x0000000080000000, 0x0000000100000000)
  region size 1024K, 51 young (52224K), 7 survivors (7168K)
 Metaspace       used 92410K, committed 93632K, reserved 557056K
  class space    used 12941K, committed 13504K, reserved 425984K
}
Event: 239.158 GC heap after
{Heap after GC invocations=56 (full 0):
 garbage-first heap   total 288768K, used 151727K [0x0000000080000000, 0x0000000100000000)
  region size 1024K, 7 young (7168K), 7 survivors (7168K)
 Metaspace       used 92410K, committed 93632K, reserved 557056K
  class space    used 12941K, committed 13504K, reserved 425984K
}
Event: 239.523 GC heap before
{Heap before GC invocations=56 (full 0):
 garbage-first heap   total 288768K, used 158895K [0x0000000080000000, 0x0000000100000000)
  region size 1024K, 14 young (14336K), 7 survivors (7168K)
 Metaspace       used 92479K, committed 93696K, reserved 557056K
  class space    used 12951K, committed 13504K, reserved 425984K
}

